Grading at Thu Dec 24 16:45:55 UTC 2020
Compiling cards.c
tester.o: In function `main':
tester.c:(.text+0x7e3): multiple definition of `main'
/tmp/cchqyoTe.o:cards.c:(.text+0x2de): first defined here
collect2: error: ld returned 1 exit status
Could not compile your card.c!

Overall Grade: FAILED
